Using pre-set license
Built from '2020.3/staging' branch; Version is '2020.3.33f1 (915a7af8b0d5) revision 9525882'; Using compiler version '192528614'; Build Type 'Release'
OS: 'Windows 10  (10.0.19044) 64bit Core' Language: 'en' Physical Memory: 16319 MB
BatchMode: 1, IsHumanControllingUs: 0, StartBugReporterOnCrash: 0, Is64bit: 1, IsPro: 0

COMMAND LINE ARGUMENTS:
C:\Program Files\Unity\Hub\Editor\2020.3.33f1\Editor\Unity.exe
-adb2
-batchMode
-noUpm
-name
AssetImportWorker0
-projectPath
C:/Users/12265/Documents/GitHub/UnityGame/Game
-logFile
Logs/AssetImportWorker0.log
-srvPort
52597
Successfully changed project path to: C:/Users/12265/Documents/GitHub/UnityGame/Game
C:/Users/12265/Documents/GitHub/UnityGame/Game
Using Asset Import Pipeline V2.
Refreshing native plugins compatible for Editor in 46.11 ms, found 3 plugins.
Preloading 0 native plugins for Editor in 0.00 ms.
Initialize engine version: 2020.3.33f1 (915a7af8b0d5)
[Subsystems] Discovering subsystems at path C:/Program Files/Unity/Hub/Editor/2020.3.33f1/Editor/Data/Resources/UnitySubsystems
[Subsystems] Discovering subsystems at path C:/Users/12265/Documents/GitHub/UnityGame/Game/Assets
GfxDevice: creating device client; threaded=0
Direct3D:
    Version:  Direct3D 11.0 [level 11.1]
    Renderer: AMD Radeon RX 5700 XT (ID=0x731f)
    Vendor:   
    VRAM:     8151 MB
    Driver:   31.0.12029.10015
Initialize mono
Mono path[0] = 'C:/Program Files/Unity/Hub/Editor/2020.3.33f1/Editor/Data/Managed'
Mono path[1] = 'C:/Program Files/Unity/Hub/Editor/2020.3.33f1/Editor/Data/MonoBleedingEdge/lib/mono/unityjit'
Mono config path = 'C:/Program Files/Unity/Hub/Editor/2020.3.33f1/Editor/Data/MonoBleedingEdge/etc'
Using monoOptions --debugger-agent=transport=dt_socket,embedding=1,server=y,suspend=n,address=127.0.0.1:56244
Begin MonoManager ReloadAssembly
Registering precompiled unity dll's ...
Register platform support module: C:/Program Files/Unity/Hub/Editor/2020.3.33f1/Editor/Data/PlaybackEngines/WebGLSupport/UnityEditor.WebGL.Extensions.dll
Register platform support module: C:/Program Files/Unity/Hub/Editor/2020.3.33f1/Editor/Data/PlaybackEngines/WindowsStandaloneSupport/UnityEditor.WindowsStandalone.Extensions.dll
Registered in 0.001930 seconds.
Native extension for WindowsStandalone target not found
Native extension for WebGL target not found
Refreshing native plugins compatible for Editor in 48.37 ms, found 3 plugins.
Preloading 0 native plugins for Editor in 0.00 ms.
Mono: successfully reloaded assembly
- Completed reload, in  0.555 seconds
Domain Reload Profiling:
	ReloadAssembly (555ms)
		BeginReloadAssembly (59ms)
			ExecutionOrderSort (0ms)
			DisableScriptedObjects (0ms)
			BackupInstance (0ms)
			ReleaseScriptingObjects (0ms)
			CreateAndSetChildDomain (1ms)
		EndReloadAssembly (430ms)
			LoadAssemblies (57ms)
			RebuildTransferFunctionScriptingTraits (0ms)
			SetupTypeCache (137ms)
			ReleaseScriptCaches (0ms)
			RebuildScriptCaches (33ms)
			SetupLoadedEditorAssemblies (166ms)
				LogAssemblyErrors (0ms)
				InitializePlatformSupportModulesInManaged (7ms)
				SetLoadedEditorAssemblies (0ms)
				RefreshPlugins (48ms)
				BeforeProcessingInitializeOnLoad (9ms)
				ProcessInitializeOnLoadAttributes (77ms)
				ProcessInitializeOnLoadMethodAttributes (25ms)
				AfterProcessingInitializeOnLoad (0ms)
				EditorAssembliesLoaded (0ms)
			ExecutionOrderSort2 (0ms)
			AwakeInstancesAfterBackupRestoration (0ms)
Platform modules already initialized, skipping
Registering precompiled user dll's ...
Registered in 0.002555 seconds.
Begin MonoManager ReloadAssembly
Symbol file LoadedFromMemory doesn't match image C:\Users\12265\Documents\GitHub\UnityGame\Game\Library\PackageCache\com.unity.collab-proxy@1.15.15\Lib\Editor\PlasticSCM\unityplastic.dll
Native extension for WindowsStandalone target not found
Native extension for WebGL target not found
Refreshing native plugins compatible for Editor in 44.37 ms, found 3 plugins.
Preloading 0 native plugins for Editor in 0.00 ms.
Mono: successfully reloaded assembly
- Completed reload, in  1.072 seconds
Domain Reload Profiling:
	ReloadAssembly (1072ms)
		BeginReloadAssembly (143ms)
			ExecutionOrderSort (0ms)
			DisableScriptedObjects (4ms)
			BackupInstance (0ms)
			ReleaseScriptingObjects (0ms)
			CreateAndSetChildDomain (16ms)
		EndReloadAssembly (873ms)
			LoadAssemblies (96ms)
			RebuildTransferFunctionScriptingTraits (0ms)
			SetupTypeCache (280ms)
			ReleaseScriptCaches (0ms)
			RebuildScriptCaches (48ms)
			SetupLoadedEditorAssemblies (346ms)
				LogAssemblyErrors (0ms)
				InitializePlatformSupportModulesInManaged (4ms)
				SetLoadedEditorAssemblies (0ms)
				RefreshPlugins (44ms)
				BeforeProcessingInitializeOnLoad (68ms)
				ProcessInitializeOnLoadAttributes (208ms)
				ProcessInitializeOnLoadMethodAttributes (16ms)
				AfterProcessingInitializeOnLoad (5ms)
				EditorAssembliesLoaded (0ms)
			ExecutionOrderSort2 (0ms)
			AwakeInstancesAfterBackupRestoration (6ms)
Platform modules already initialized, skipping
========================================================================
Worker process is ready to serve import requests
Launched and connected shader compiler UnityShaderCompiler.exe after 0.03 seconds
Refreshing native plugins compatible for Editor in 0.62 ms, found 3 plugins.
Preloading 0 native plugins for Editor in 0.00 ms.
Unloading 2352 Unused Serialized files (Serialized files now loaded: 0)
System memory in use before: 102.4 MB.
System memory in use after: 102.4 MB.

Unloading 32 unused Assets to reduce memory usage. Loaded Objects now: 2784.
Total: 2.733200 ms (FindLiveObjects: 0.201100 ms CreateObjectMapping: 0.141100 ms MarkObjects: 2.275500 ms  DeleteObjects: 0.114800 ms)

AssetImportParameters requested are different than current active one (requested -> active):
  custom:framework-win-MediaFoundation: 216162199b28c13a410421893ffa2e32 -> 
  custom:video-decoder-ogg-theora: a1e56fd34408186e4bbccfd4996cb3dc -> 
  custom:container-muxer-webm: aa71ff27fc2769a1b78a27578f13a17b -> 
  custom:container-demuxer-webm: 4f35f7cbe854078d1ac9338744f61a02 -> 
  custom:container-demuxer-ogg: 62fdf1f143b41e24485cea50d1cbac27 -> 
  custom:video-encoder-webm-vp8: eb34c28f22e8b96e1ab97ce403110664 -> 
  custom:video-decoder-webm-vp8: 9c59270c3fd7afecdb556c50c9e8de78 -> 
  custom:audio-decoder-ogg-vorbis: bf7c407c2cedff20999df2af8eb42d56 -> 
  custom:audio-encoder-webm-vorbis: bf7c407c2cedff20999df2af8eb42d56 -> 
========================================================================
Received Import Request.
  path: Assets/Map/Tiles/plains_33.asset
  artifactKey: Guid(9902b13ea2cbfde478ae90df0e62a14a) Importer(815301076,1909f56bfc062723c751e8b465ee728b)
Start importing Assets/Map/Tiles/plains_33.asset using Guid(9902b13ea2cbfde478ae90df0e62a14a) Importer(815301076,1909f56bfc062723c751e8b465ee728b)  -> (artifact id: 'd668d70644e3ebfd999f3c97ff50e328') in 0.081596 seconds 
========================================================================
Received Import Request.
  Time since last request: 0.000289 seconds.
  path: Assets/Map/Tiles/plains_12.asset
  artifactKey: Guid(d7a203261d38ca74c8c0c96a7b2d9c95) Importer(815301076,1909f56bfc062723c751e8b465ee728b)
Start importing Assets/Map/Tiles/plains_12.asset using Guid(d7a203261d38ca74c8c0c96a7b2d9c95) Importer(815301076,1909f56bfc062723c751e8b465ee728b)  -> (artifact id: '31feca65ae89616b50ce9c0d40a3c52d') in 0.009704 seconds 
========================================================================
Received Import Request.
  Time since last request: 0.000215 seconds.
  path: Assets/Map/Tiles/plains_17.asset
  artifactKey: Guid(462255dec62a8194ebcaf4d114a337c6) Importer(815301076,1909f56bfc062723c751e8b465ee728b)
Start importing Assets/Map/Tiles/plains_17.asset using Guid(462255dec62a8194ebcaf4d114a337c6) Importer(815301076,1909f56bfc062723c751e8b465ee728b)  -> (artifact id: 'a272c4e5f34ab89cc3cb9c37c7c453e2') in 0.008299 seconds 
========================================================================
Received Import Request.
  Time since last request: 0.000202 seconds.
  path: Assets/Map/Tiles/TX Plant_0.asset
  artifactKey: Guid(61098a638d872884397a598a63e622cc) Importer(815301076,1909f56bfc062723c751e8b465ee728b)
Start importing Assets/Map/Tiles/TX Plant_0.asset using Guid(61098a638d872884397a598a63e622cc) Importer(815301076,1909f56bfc062723c751e8b465ee728b)  -> (artifact id: '2c2320628a71bada633d71ef4fff92b2') in 0.016971 seconds 
========================================================================
Received Import Request.
  Time since last request: 0.000206 seconds.
  path: Assets/Map/Tiles/plains_39.asset
  artifactKey: Guid(74c6409efca99cd408276b6114b9fad1) Importer(815301076,1909f56bfc062723c751e8b465ee728b)
Start importing Assets/Map/Tiles/plains_39.asset using Guid(74c6409efca99cd408276b6114b9fad1) Importer(815301076,1909f56bfc062723c751e8b465ee728b)  -> (artifact id: '42a3b7882e49cc1a8f95228ce594d244') in 0.008101 seconds 
========================================================================
Received Import Request.
  Time since last request: 0.000137 seconds.
  path: Assets/Map/Tiles/TX Props_0.asset
  artifactKey: Guid(60919969d144c8843831d2e4fc672bef) Importer(815301076,1909f56bfc062723c751e8b465ee728b)
Start importing Assets/Map/Tiles/TX Props_0.asset using Guid(60919969d144c8843831d2e4fc672bef) Importer(815301076,1909f56bfc062723c751e8b465ee728b)  -> (artifact id: '758401e78666311af81f146f665843b1') in 0.006897 seconds 
========================================================================
Received Import Request.
  Time since last request: 0.000144 seconds.
  path: Assets/Map/Tiles/plains_36.asset
  artifactKey: Guid(35b67a3566e48f3439be942a103a375b) Importer(815301076,1909f56bfc062723c751e8b465ee728b)
Start importing Assets/Map/Tiles/plains_36.asset using Guid(35b67a3566e48f3439be942a103a375b) Importer(815301076,1909f56bfc062723c751e8b465ee728b)  -> (artifact id: '24af9674723e81a11a3bfc915e89a497') in 0.008074 seconds 
========================================================================
Received Import Request.
  Time since last request: 0.000161 seconds.
  path: Assets/Map/Tiles/plains_3.asset
  artifactKey: Guid(995c8136524a93f40b7b129f344ddc7b) Importer(815301076,1909f56bfc062723c751e8b465ee728b)
Start importing Assets/Map/Tiles/plains_3.asset using Guid(995c8136524a93f40b7b129f344ddc7b) Importer(815301076,1909f56bfc062723c751e8b465ee728b)  -> (artifact id: '90cfb0394f33b25187bd0aed210f9b40') in 0.007702 seconds 
========================================================================
Received Import Request.
  Time since last request: 0.000167 seconds.
  path: Assets/Map/Tiles/plains_5.asset
  artifactKey: Guid(c28937e99c84c1648a9e45e17f168dd2) Importer(815301076,1909f56bfc062723c751e8b465ee728b)
Start importing Assets/Map/Tiles/plains_5.asset using Guid(c28937e99c84c1648a9e45e17f168dd2) Importer(815301076,1909f56bfc062723c751e8b465ee728b)  -> (artifact id: 'ebc65808cabf15011eb03942c46dfdea') in 0.008420 seconds 
========================================================================
Received Import Request.
  Time since last request: 0.000175 seconds.
  path: Assets/Map/Tiles/plains_41.asset
  artifactKey: Guid(a268aef80ee233c4e9015ed48b6ca6ab) Importer(815301076,1909f56bfc062723c751e8b465ee728b)
Start importing Assets/Map/Tiles/plains_41.asset using Guid(a268aef80ee233c4e9015ed48b6ca6ab) Importer(815301076,1909f56bfc062723c751e8b465ee728b)  -> (artifact id: '48a93b3605a50c4658368fa48cf4bd32') in 0.007776 seconds 
========================================================================
Received Import Request.
  Time since last request: 0.000121 seconds.
  path: Assets/Map/Tiles/plains_22.asset
  artifactKey: Guid(0f9a4f1843ec2d14da0a936ce43fd0ea) Importer(815301076,1909f56bfc062723c751e8b465ee728b)
Start importing Assets/Map/Tiles/plains_22.asset using Guid(0f9a4f1843ec2d14da0a936ce43fd0ea) Importer(815301076,1909f56bfc062723c751e8b465ee728b)  -> (artifact id: '0506a552bd39e8de1a049281e8f8e614') in 0.007888 seconds 
========================================================================
Received Import Request.
  Time since last request: 0.000132 seconds.
  path: Assets/Map/Tiles/plains_19.asset
  artifactKey: Guid(b3bb319e19628f64a803f273403165db) Importer(815301076,1909f56bfc062723c751e8b465ee728b)
Start importing Assets/Map/Tiles/plains_19.asset using Guid(b3bb319e19628f64a803f273403165db) Importer(815301076,1909f56bfc062723c751e8b465ee728b)  -> (artifact id: '2ac116be68b88f965a5a94f8f9ee0eed') in 0.007627 seconds 
========================================================================
Received Import Request.
  Time since last request: 0.000131 seconds.
  path: Assets/Map/Tiles/TX Props_1.asset
  artifactKey: Guid(df4daa25481382c40bdb23f30a850dfb) Importer(815301076,1909f56bfc062723c751e8b465ee728b)
Start importing Assets/Map/Tiles/TX Props_1.asset using Guid(df4daa25481382c40bdb23f30a850dfb) Importer(815301076,1909f56bfc062723c751e8b465ee728b)  -> (artifact id: '211de1a06be04925f364acfdbfd7f20e') in 0.006503 seconds 
========================================================================
Received Import Request.
  Time since last request: 0.000146 seconds.
  path: Assets/Map/Tiles/TX Props_5.asset
  artifactKey: Guid(cbaed5b88115b734e94e7365ff4e711d) Importer(815301076,1909f56bfc062723c751e8b465ee728b)
Start importing Assets/Map/Tiles/TX Props_5.asset using Guid(cbaed5b88115b734e94e7365ff4e711d) Importer(815301076,1909f56bfc062723c751e8b465ee728b)  -> (artifact id: 'eac0eb68f85e27ada0c737e4696875c6') in 0.006385 seconds 
========================================================================
Received Import Request.
  Time since last request: 0.000138 seconds.
  path: Assets/Map/Tiles/TX Props_8.asset
  artifactKey: Guid(bd4b68d52d6851e4f86f20d3ad8d3532) Importer(815301076,1909f56bfc062723c751e8b465ee728b)
Start importing Assets/Map/Tiles/TX Props_8.asset using Guid(bd4b68d52d6851e4f86f20d3ad8d3532) Importer(815301076,1909f56bfc062723c751e8b465ee728b)  -> (artifact id: '3adc05f4915dc498b0b6e9c95259a7c8') in 0.006405 seconds 
========================================================================
Received Import Request.
  Time since last request: 0.000146 seconds.
  path: Assets/Map/Tiles/plains_4.asset
  artifactKey: Guid(40f5e6d0b26d14b4b95a2197752e9069) Importer(815301076,1909f56bfc062723c751e8b465ee728b)
Start importing Assets/Map/Tiles/plains_4.asset using Guid(40f5e6d0b26d14b4b95a2197752e9069) Importer(815301076,1909f56bfc062723c751e8b465ee728b)  -> (artifact id: '4978a9cd5fb278b326732cb12cd891c5') in 0.008399 seconds 
========================================================================
Received Import Request.
  Time since last request: 0.000153 seconds.
  path: Assets/Map/Tiles/plains_38.asset
  artifactKey: Guid(a7a7bc9806c9f3c4ba8d4b03c36e6d58) Importer(815301076,1909f56bfc062723c751e8b465ee728b)
Start importing Assets/Map/Tiles/plains_38.asset using Guid(a7a7bc9806c9f3c4ba8d4b03c36e6d58) Importer(815301076,1909f56bfc062723c751e8b465ee728b)  -> (artifact id: '83b1d101e0807d9c0b74d79a778b75cc') in 0.008512 seconds 
========================================================================
Received Import Request.
  Time since last request: 0.000158 seconds.
  path: Assets/Map/Tiles/TX Props_4.asset
  artifactKey: Guid(d6b1a28a91b6ca746bccedadba5187ef) Importer(815301076,1909f56bfc062723c751e8b465ee728b)
Start importing Assets/Map/Tiles/TX Props_4.asset using Guid(d6b1a28a91b6ca746bccedadba5187ef) Importer(815301076,1909f56bfc062723c751e8b465ee728b)  -> (artifact id: 'f77521be23d360fbedde08d3ddeaee6d') in 0.006807 seconds 
========================================================================
Received Import Request.
  Time since last request: 0.000157 seconds.
  path: Assets/Map/Tiles/plains_9.asset
  artifactKey: Guid(3a734eb363d584041b014d61bb135ac5) Importer(815301076,1909f56bfc062723c751e8b465ee728b)
Start importing Assets/Map/Tiles/plains_9.asset using Guid(3a734eb363d584041b014d61bb135ac5) Importer(815301076,1909f56bfc062723c751e8b465ee728b)  -> (artifact id: '78e579ac1862bd9ef7dddc0654a41447') in 0.008371 seconds 
========================================================================
Received Import Request.
  Time since last request: 0.000129 seconds.
  path: Assets/Map/Tiles/plains_24.asset
  artifactKey: Guid(da6f392c4e95a7e4b823360acdf64be9) Importer(815301076,1909f56bfc062723c751e8b465ee728b)
Start importing Assets/Map/Tiles/plains_24.asset using Guid(da6f392c4e95a7e4b823360acdf64be9) Importer(815301076,1909f56bfc062723c751e8b465ee728b)  -> (artifact id: 'fd700097bd0ff1f9de68864981bd8585') in 0.008464 seconds 
========================================================================
Received Import Request.
  Time since last request: 0.000137 seconds.
  path: Assets/Map/Tiles/TX Props_9.asset
  artifactKey: Guid(2dd057d9eddcd3040aa601e211b0067a) Importer(815301076,1909f56bfc062723c751e8b465ee728b)
Start importing Assets/Map/Tiles/TX Props_9.asset using Guid(2dd057d9eddcd3040aa601e211b0067a) Importer(815301076,1909f56bfc062723c751e8b465ee728b)  -> (artifact id: '3f1cfd7f7da9d09f463bc2c3141670d9') in 0.006547 seconds 
========================================================================
Received Import Request.
  Time since last request: 0.000188 seconds.
  path: Assets/Map/Tiles/plains_25.asset
  artifactKey: Guid(9e5c6493d3b5d184a9ff371738fe5d65) Importer(815301076,1909f56bfc062723c751e8b465ee728b)
Start importing Assets/Map/Tiles/plains_25.asset using Guid(9e5c6493d3b5d184a9ff371738fe5d65) Importer(815301076,1909f56bfc062723c751e8b465ee728b)  -> (artifact id: 'bf4a739e3ebf2e03a71259ea623b6d99') in 0.008892 seconds 
========================================================================
Received Import Request.
  Time since last request: 0.000186 seconds.
  path: Assets/Map/Tiles/plains_6.asset
  artifactKey: Guid(54d8138e96adcee439950a29e1d71714) Importer(815301076,1909f56bfc062723c751e8b465ee728b)
Start importing Assets/Map/Tiles/plains_6.asset using Guid(54d8138e96adcee439950a29e1d71714) Importer(815301076,1909f56bfc062723c751e8b465ee728b)  -> (artifact id: '8fbbe7e42a9123d8af887d8c0567fb01') in 0.007955 seconds 
========================================================================
Received Import Request.
  Time since last request: 0.000147 seconds.
  path: Assets/Map/Tiles/plains_26.asset
  artifactKey: Guid(575c73e6232694c49992738006cc8872) Importer(815301076,1909f56bfc062723c751e8b465ee728b)
Start importing Assets/Map/Tiles/plains_26.asset using Guid(575c73e6232694c49992738006cc8872) Importer(815301076,1909f56bfc062723c751e8b465ee728b)  -> (artifact id: '61db2fbea503b81ecc76dc14055c82db') in 0.009708 seconds 
========================================================================
Received Import Request.
  Time since last request: 0.000188 seconds.
  path: Assets/Map/Tiles/plains_13.asset
  artifactKey: Guid(a86fc019fc7c792469d4383f5cbd559e) Importer(815301076,1909f56bfc062723c751e8b465ee728b)
Start importing Assets/Map/Tiles/plains_13.asset using Guid(a86fc019fc7c792469d4383f5cbd559e) Importer(815301076,1909f56bfc062723c751e8b465ee728b)  -> (artifact id: 'ddc8deb78e2c3895e5a32c0519ec3851') in 0.010050 seconds 
========================================================================
Received Import Request.
  Time since last request: 0.000219 seconds.
  path: Assets/Map/Tiles
  artifactKey: Guid(1b771d0911fa498418058a09350a9a50) Importer(815301076,1909f56bfc062723c751e8b465ee728b)
Start importing Assets/Map/Tiles using Guid(1b771d0911fa498418058a09350a9a50) Importer(815301076,1909f56bfc062723c751e8b465ee728b)  -> (artifact id: '836f50c63f728dfcabfc374143f34c17') in 0.005569 seconds 
========================================================================
Received Import Request.
  Time since last request: 0.000151 seconds.
  path: Assets/Map/Tiles/plains_28.asset
  artifactKey: Guid(2344f5d39ee89264a8d1dd4866b5305b) Importer(815301076,1909f56bfc062723c751e8b465ee728b)
Start importing Assets/Map/Tiles/plains_28.asset using Guid(2344f5d39ee89264a8d1dd4866b5305b) Importer(815301076,1909f56bfc062723c751e8b465ee728b)  -> (artifact id: '88017401401ba079b430cd3391da2870') in 0.009453 seconds 
========================================================================
Received Import Request.
  Time since last request: 0.000177 seconds.
  path: Assets/Map/Tiles/plains_40.asset
  artifactKey: Guid(c73ff91fea0600d4f9794242242dafa6) Importer(815301076,1909f56bfc062723c751e8b465ee728b)
Start importing Assets/Map/Tiles/plains_40.asset using Guid(c73ff91fea0600d4f9794242242dafa6) Importer(815301076,1909f56bfc062723c751e8b465ee728b)  -> (artifact id: '44bb2c5b2bde2392445576d2c554c3df') in 0.009317 seconds 
========================================================================
Received Import Request.
  Time since last request: 0.000252 seconds.
  path: Assets/Map/Tiles/plains_30.asset
  artifactKey: Guid(a55c0db5eeb5859429394bbaa5e08b72) Importer(815301076,1909f56bfc062723c751e8b465ee728b)
Start importing Assets/Map/Tiles/plains_30.asset using Guid(a55c0db5eeb5859429394bbaa5e08b72) Importer(815301076,1909f56bfc062723c751e8b465ee728b)  -> (artifact id: '633e42f779ddc749eb4dba3f577e1d6f') in 0.008122 seconds 
========================================================================
Received Import Request.
  Time since last request: 0.000155 seconds.
  path: Assets/Map/Tiles/plains_43.asset
  artifactKey: Guid(720ebf2bbb5ec44478bc738dc0f879b4) Importer(815301076,1909f56bfc062723c751e8b465ee728b)
Start importing Assets/Map/Tiles/plains_43.asset using Guid(720ebf2bbb5ec44478bc738dc0f879b4) Importer(815301076,1909f56bfc062723c751e8b465ee728b)  -> (artifact id: 'a5d30117387a41c5201b2a39aa4ce0ce') in 0.010209 seconds 
========================================================================
Received Import Request.
  Time since last request: 0.000159 seconds.
  path: Assets/Map/Tiles/plains_35.asset
  artifactKey: Guid(2000f99f337499342ba39b9c52fa1bc2) Importer(815301076,1909f56bfc062723c751e8b465ee728b)
Start importing Assets/Map/Tiles/plains_35.asset using Guid(2000f99f337499342ba39b9c52fa1bc2) Importer(815301076,1909f56bfc062723c751e8b465ee728b)  -> (artifact id: '32c101508d82c07236c74950317f463c') in 0.008184 seconds 
========================================================================
Received Import Request.
  Time since last request: 0.000164 seconds.
  path: Assets/Map/Tiles/plains_27.asset
  artifactKey: Guid(d5a909eb205846b489a9e9b9a48fb96d) Importer(815301076,1909f56bfc062723c751e8b465ee728b)
Start importing Assets/Map/Tiles/plains_27.asset using Guid(d5a909eb205846b489a9e9b9a48fb96d) Importer(815301076,1909f56bfc062723c751e8b465ee728b)  -> (artifact id: 'bbd529a4daeebc0f3d57439094e26739') in 0.008163 seconds 
========================================================================
Received Import Request.
  Time since last request: 0.000166 seconds.
  path: Assets/Map/Tiles/plains_11.asset
  artifactKey: Guid(5b8ccce4a4502224c8d79f58d2ad150f) Importer(815301076,1909f56bfc062723c751e8b465ee728b)
Start importing Assets/Map/Tiles/plains_11.asset using Guid(5b8ccce4a4502224c8d79f58d2ad150f) Importer(815301076,1909f56bfc062723c751e8b465ee728b)  -> (artifact id: '9820e04e7b718242b76e31fda37fc81d') in 0.008686 seconds 
========================================================================
Received Import Request.
  Time since last request: 0.000160 seconds.
  path: Assets/Map/Tiles/plains_42.asset
  artifactKey: Guid(27436d52734a78f4aa6f5a9b0f774c7d) Importer(815301076,1909f56bfc062723c751e8b465ee728b)
Start importing Assets/Map/Tiles/plains_42.asset using Guid(27436d52734a78f4aa6f5a9b0f774c7d) Importer(815301076,1909f56bfc062723c751e8b465ee728b)  -> (artifact id: '386fb095517ce93d8e51a2cf658eb567') in 0.008918 seconds 
========================================================================
Received Import Request.
  Time since last request: 0.000177 seconds.
  path: Assets/Map/Tiles/plains_23.asset
  artifactKey: Guid(a099cc38cc5eff641b24ff685e85d5af) Importer(815301076,1909f56bfc062723c751e8b465ee728b)
Start importing Assets/Map/Tiles/plains_23.asset using Guid(a099cc38cc5eff641b24ff685e85d5af) Importer(815301076,1909f56bfc062723c751e8b465ee728b)  -> (artifact id: '4ad1592c9b183e9e6407065c5518fe36') in 0.008152 seconds 
========================================================================
Received Import Request.
  Time since last request: 0.000446 seconds.
  path: Assets/Map/Tiles/plains_8.asset
  artifactKey: Guid(0ddc0f1db73f9134fa936a05e10f574d) Importer(815301076,1909f56bfc062723c751e8b465ee728b)
Start importing Assets/Map/Tiles/plains_8.asset using Guid(0ddc0f1db73f9134fa936a05e10f574d) Importer(815301076,1909f56bfc062723c751e8b465ee728b)  -> (artifact id: '09155a9c38a984d743b18439387e2005') in 0.009615 seconds 
========================================================================
Received Import Request.
  Time since last request: 0.000221 seconds.
  path: Assets/Map/Tiles/plains_18.asset
  artifactKey: Guid(ba6a94a97d742b243b0fe323e97ccc67) Importer(815301076,1909f56bfc062723c751e8b465ee728b)
Start importing Assets/Map/Tiles/plains_18.asset using Guid(ba6a94a97d742b243b0fe323e97ccc67) Importer(815301076,1909f56bfc062723c751e8b465ee728b)  -> (artifact id: 'cde54d46ce5a2d866e4be5155e4fa328') in 0.012403 seconds 
========================================================================
Received Import Request.
  Time since last request: 0.000049 seconds.
  path: Assets/Map/Tiles/TX Props_2.asset
  artifactKey: Guid(b4fd2ab644e2bb8438fd87a51ed39fcd) Importer(815301076,1909f56bfc062723c751e8b465ee728b)
Start importing Assets/Map/Tiles/TX Props_2.asset using Guid(b4fd2ab644e2bb8438fd87a51ed39fcd) Importer(815301076,1909f56bfc062723c751e8b465ee728b)  -> (artifact id: '8350cca0a02d455e9572aa117b3e51e9') in 0.006559 seconds 
========================================================================
Received Import Request.
  Time since last request: 0.000219 seconds.
  path: Assets/Map/Tiles/plains_7.asset
  artifactKey: Guid(d107824bbb9cb904d823c157b558c428) Importer(815301076,1909f56bfc062723c751e8b465ee728b)
Start importing Assets/Map/Tiles/plains_7.asset using Guid(d107824bbb9cb904d823c157b558c428) Importer(815301076,1909f56bfc062723c751e8b465ee728b)  -> (artifact id: '2a0de8f83ec59f4358c4f3b6a2b31ba9') in 0.008639 seconds 
========================================================================
Received Import Request.
  Time since last request: 0.000201 seconds.
  path: Assets/Map/Tiles/plains_29.asset
  artifactKey: Guid(6bc147bcd8758e149b5bf754a7b12c3c) Importer(815301076,1909f56bfc062723c751e8b465ee728b)
Start importing Assets/Map/Tiles/plains_29.asset using Guid(6bc147bcd8758e149b5bf754a7b12c3c) Importer(815301076,1909f56bfc062723c751e8b465ee728b)  -> (artifact id: '38615f130de2905de158f07265a62948') in 0.009263 seconds 
========================================================================
Received Import Request.
  Time since last request: 0.000169 seconds.
  path: Assets/Map/Tiles/plains_37.asset
  artifactKey: Guid(88467010234596b4da686f6f3fed8120) Importer(815301076,1909f56bfc062723c751e8b465ee728b)
Start importing Assets/Map/Tiles/plains_37.asset using Guid(88467010234596b4da686f6f3fed8120) Importer(815301076,1909f56bfc062723c751e8b465ee728b)  -> (artifact id: 'f35ed7e399bbef48e38fbf3a5619c27a') in 0.007872 seconds 
========================================================================
Received Import Request.
  Time since last request: 0.000122 seconds.
  path: Assets/Map/Tiles/TX Props_6.asset
  artifactKey: Guid(f760b7e00277b5c499b4d46784c16286) Importer(815301076,1909f56bfc062723c751e8b465ee728b)
Start importing Assets/Map/Tiles/TX Props_6.asset using Guid(f760b7e00277b5c499b4d46784c16286) Importer(815301076,1909f56bfc062723c751e8b465ee728b)  -> (artifact id: 'a6a7bc68aec5fdc264b924ec680b580e') in 0.006736 seconds 
========================================================================
Received Import Request.
  Time since last request: 0.000137 seconds.
  path: Assets/Map/Tiles/plains_31.asset
  artifactKey: Guid(a4ed6c32aa2f1ee488302d657d285c59) Importer(815301076,1909f56bfc062723c751e8b465ee728b)
Start importing Assets/Map/Tiles/plains_31.asset using Guid(a4ed6c32aa2f1ee488302d657d285c59) Importer(815301076,1909f56bfc062723c751e8b465ee728b)  -> (artifact id: '3944e7e71a5498a742d9fec9d1521039') in 0.007936 seconds 
========================================================================
Received Import Request.
  Time since last request: 0.000155 seconds.
  path: Assets/Map/Tiles/plains_21.asset
  artifactKey: Guid(0f2fba8baf5ab6c49a74ecd93e6bd937) Importer(815301076,1909f56bfc062723c751e8b465ee728b)
Start importing Assets/Map/Tiles/plains_21.asset using Guid(0f2fba8baf5ab6c49a74ecd93e6bd937) Importer(815301076,1909f56bfc062723c751e8b465ee728b)  -> (artifact id: 'b481b6fa5cd9f98dce496a9ca1313c07') in 0.008819 seconds 
========================================================================
Received Import Request.
  Time since last request: 0.000147 seconds.
  path: Assets/Map/Tiles/plains_16.asset
  artifactKey: Guid(2ad446640160d0a4685d04ddb735ffb1) Importer(815301076,1909f56bfc062723c751e8b465ee728b)
Start importing Assets/Map/Tiles/plains_16.asset using Guid(2ad446640160d0a4685d04ddb735ffb1) Importer(815301076,1909f56bfc062723c751e8b465ee728b)  -> (artifact id: '3335046f7c28f40f4c7753d7c7758e05') in 0.007752 seconds 
========================================================================
Received Import Request.
  Time since last request: 0.000228 seconds.
  path: Assets/Map/Tiles/plains_10.asset
  artifactKey: Guid(2d2d954f16bdfdd4bb4a7cd24b7e3420) Importer(815301076,1909f56bfc062723c751e8b465ee728b)
Start importing Assets/Map/Tiles/plains_10.asset using Guid(2d2d954f16bdfdd4bb4a7cd24b7e3420) Importer(815301076,1909f56bfc062723c751e8b465ee728b)  -> (artifact id: '4b5c0239a2d07aaf2cca37f2ad955141') in 0.007524 seconds 
========================================================================
Received Import Request.
  Time since last request: 0.000156 seconds.
  path: Assets/Map/Tiles/plains_32.asset
  artifactKey: Guid(a74e574dd4c83bd489f556259c6d89f7) Importer(815301076,1909f56bfc062723c751e8b465ee728b)
Start importing Assets/Map/Tiles/plains_32.asset using Guid(a74e574dd4c83bd489f556259c6d89f7) Importer(815301076,1909f56bfc062723c751e8b465ee728b)  -> (artifact id: 'b11fc3cbddc94878214f8ccfa437ef92') in 0.007182 seconds 
========================================================================
Received Import Request.
  Time since last request: 0.000198 seconds.
  path: Assets/Map/Tiles/plains_0.asset
  artifactKey: Guid(4ba75d4c2962ace4babcd279965730c4) Importer(815301076,1909f56bfc062723c751e8b465ee728b)
Start importing Assets/Map/Tiles/plains_0.asset using Guid(4ba75d4c2962ace4babcd279965730c4) Importer(815301076,1909f56bfc062723c751e8b465ee728b)  -> (artifact id: '9e261d67f21d044044d3f602c17fc191') in 0.007924 seconds 
========================================================================
Received Import Request.
  Time since last request: 0.000147 seconds.
  path: Assets/Map/Tiles/TX Props_10.asset
  artifactKey: Guid(f06fe669168aec445abfc224f3d09d1a) Importer(815301076,1909f56bfc062723c751e8b465ee728b)
Start importing Assets/Map/Tiles/TX Props_10.asset using Guid(f06fe669168aec445abfc224f3d09d1a) Importer(815301076,1909f56bfc062723c751e8b465ee728b)  -> (artifact id: '5eb315579d9854ba57b93c8ea061c357') in 0.006958 seconds 
========================================================================
Received Import Request.
  Time since last request: 0.000147 seconds.
  path: Assets/Map/Tiles/plains_14.asset
  artifactKey: Guid(4035964469ddc954ea5c38967bd03b9b) Importer(815301076,1909f56bfc062723c751e8b465ee728b)
Start importing Assets/Map/Tiles/plains_14.asset using Guid(4035964469ddc954ea5c38967bd03b9b) Importer(815301076,1909f56bfc062723c751e8b465ee728b)  -> (artifact id: 'db7d946df8e5d19de68a79d9957daedc') in 0.007695 seconds 
========================================================================
Received Import Request.
  Time since last request: 0.000148 seconds.
  path: Assets/Map/Tiles/plains_2.asset
  artifactKey: Guid(1dad810e35e22b745a045ff10aaa3952) Importer(815301076,1909f56bfc062723c751e8b465ee728b)
Start importing Assets/Map/Tiles/plains_2.asset using Guid(1dad810e35e22b745a045ff10aaa3952) Importer(815301076,1909f56bfc062723c751e8b465ee728b)  -> (artifact id: '560ed5e353a62a96550fd03d2ef8252d') in 0.007868 seconds 
========================================================================
Received Import Request.
  Time since last request: 0.000161 seconds.
  path: Assets/Map/Tiles/TX Props_3.asset
  artifactKey: Guid(232d31e1bebe5e04fac10d91bd2e57a4) Importer(815301076,1909f56bfc062723c751e8b465ee728b)
Start importing Assets/Map/Tiles/TX Props_3.asset using Guid(232d31e1bebe5e04fac10d91bd2e57a4) Importer(815301076,1909f56bfc062723c751e8b465ee728b)  -> (artifact id: '01615c7ef74554e190f7e53c3f8bbc2b') in 0.006607 seconds 
========================================================================
Received Import Request.
  Time since last request: 0.000167 seconds.
  path: Assets/Map/Tiles/plains_20.asset
  artifactKey: Guid(04b500b02fac2ac429bd86860dab98cb) Importer(815301076,1909f56bfc062723c751e8b465ee728b)
Start importing Assets/Map/Tiles/plains_20.asset using Guid(04b500b02fac2ac429bd86860dab98cb) Importer(815301076,1909f56bfc062723c751e8b465ee728b)  -> (artifact id: '4ff2278899209f51976b90657435f2de') in 0.007509 seconds 
========================================================================
Received Import Request.
  Time since last request: 0.000140 seconds.
  path: Assets/Map/Tiles/TX Props_11.asset
  artifactKey: Guid(f89f3a56e17ba1c4f9944726c6f3b028) Importer(815301076,1909f56bfc062723c751e8b465ee728b)
Start importing Assets/Map/Tiles/TX Props_11.asset using Guid(f89f3a56e17ba1c4f9944726c6f3b028) Importer(815301076,1909f56bfc062723c751e8b465ee728b)  -> (artifact id: 'fb877684a6d6f060a9c3bd471d5b3374') in 0.006291 seconds 
========================================================================
Received Import Request.
  Time since last request: 0.000131 seconds.
  path: Assets/Map/Tiles/plains_34.asset
  artifactKey: Guid(fb84939e93882c442b5d76daa3750758) Importer(815301076,1909f56bfc062723c751e8b465ee728b)
Start importing Assets/Map/Tiles/plains_34.asset using Guid(fb84939e93882c442b5d76daa3750758) Importer(815301076,1909f56bfc062723c751e8b465ee728b)  -> (artifact id: '38c34abd2d0ab3b4565c0c98e9540615') in 0.007784 seconds 
========================================================================
Received Import Request.
  Time since last request: 0.000138 seconds.
  path: Assets/Map/Tiles/plains_1.asset
  artifactKey: Guid(d36f20db652e1454baf68d2ac6f963c3) Importer(815301076,1909f56bfc062723c751e8b465ee728b)
Start importing Assets/Map/Tiles/plains_1.asset using Guid(d36f20db652e1454baf68d2ac6f963c3) Importer(815301076,1909f56bfc062723c751e8b465ee728b)  -> (artifact id: 'dbf5eb48ee03048439b0658e16c3ae7b') in 0.007547 seconds 
========================================================================
Received Import Request.
  Time since last request: 0.000157 seconds.
  path: Assets/Map/Tiles/plains_15.asset
  artifactKey: Guid(dbf47bca2ca460f4ca429ff5b8b62bab) Importer(815301076,1909f56bfc062723c751e8b465ee728b)
Start importing Assets/Map/Tiles/plains_15.asset using Guid(dbf47bca2ca460f4ca429ff5b8b62bab) Importer(815301076,1909f56bfc062723c751e8b465ee728b)  -> (artifact id: '9097ac20a09bacce7396d299e68f2829') in 0.007870 seconds 
========================================================================
Received Import Request.
  Time since last request: 0.000141 seconds.
  path: Assets/Map/Tiles/TX Props_7.asset
  artifactKey: Guid(ac849e698bea996429badc50ba6987f4) Importer(815301076,1909f56bfc062723c751e8b465ee728b)
Start importing Assets/Map/Tiles/TX Props_7.asset using Guid(ac849e698bea996429badc50ba6987f4) Importer(815301076,1909f56bfc062723c751e8b465ee728b)  -> (artifact id: 'ff5e7cb22e5c817d603eebf9c5677e76') in 0.008780 seconds 
========================================================================
Received Import Request.
  Time since last request: 2.055375 seconds.
  path: Assets/Map/Pallets
  artifactKey: Guid(92daf0332cb8bc4489de386b424ef4e4) Importer(815301076,1909f56bfc062723c751e8b465ee728b)
Start importing Assets/Map/Pallets using Guid(92daf0332cb8bc4489de386b424ef4e4) Importer(815301076,1909f56bfc062723c751e8b465ee728b)  -> (artifact id: 'c2cafe2555b768636a92f3de68fc3b3c') in 0.004612 seconds 
========================================================================
Received Import Request.
  Time since last request: 0.045854 seconds.
  path: Assets/Map/Pallets/Main.prefab
  artifactKey: Guid(b4c7fcd4cb76f3c4ab922119c2e4b45c) Importer(815301076,1909f56bfc062723c751e8b465ee728b)
Start importing Assets/Map/Pallets/Main.prefab using Guid(b4c7fcd4cb76f3c4ab922119c2e4b45c) Importer(815301076,1909f56bfc062723c751e8b465ee728b)  -> (artifact id: 'c1ed4b753cb12c91dda270c3baccb870') in 0.053348 seconds 
========================================================================
Received Import Request.
  Time since last request: 0.000236 seconds.
  path: Assets/Map/Pallets/TX Props_7.asset
  artifactKey: Guid(b43db3a74a26bf1409ce0439e6710a97) Importer(815301076,1909f56bfc062723c751e8b465ee728b)
Start importing Assets/Map/Pallets/TX Props_7.asset using Guid(b43db3a74a26bf1409ce0439e6710a97) Importer(815301076,1909f56bfc062723c751e8b465ee728b)  -> (artifact id: 'd21129f0a5521d0dc84f2d3c74a0e174') in 0.006539 seconds 
========================================================================
Received Import Request.
  Time since last request: 0.000193 seconds.
  path: Assets/Map/Pallets/TX Props_26.asset
  artifactKey: Guid(ca89a6441de17254cbdb1b509974e51e) Importer(815301076,1909f56bfc062723c751e8b465ee728b)
Start importing Assets/Map/Pallets/TX Props_26.asset using Guid(ca89a6441de17254cbdb1b509974e51e) Importer(815301076,1909f56bfc062723c751e8b465ee728b)  -> (artifact id: '17f157b263eae271a550b25c55396a62') in 0.007121 seconds 
========================================================================
Received Import Request.
  Time since last request: 0.000215 seconds.
  path: Assets/Map/Pallets/TX Props_51.asset
  artifactKey: Guid(4a98c6751ac9ac048bb06e1b823b7d6e) Importer(815301076,1909f56bfc062723c751e8b465ee728b)
Start importing Assets/Map/Pallets/TX Props_51.asset using Guid(4a98c6751ac9ac048bb06e1b823b7d6e) Importer(815301076,1909f56bfc062723c751e8b465ee728b)  -> (artifact id: '18a3917316ce67410961668498d1f95f') in 0.006581 seconds 
========================================================================
Received Import Request.
  Time since last request: 0.000188 seconds.
  path: Assets/Map/Pallets/TX Props_25.asset
  artifactKey: Guid(7873e1e9c7f3e9648b3be46e65a2ec11) Importer(815301076,1909f56bfc062723c751e8b465ee728b)
Start importing Assets/Map/Pallets/TX Props_25.asset using Guid(7873e1e9c7f3e9648b3be46e65a2ec11) Importer(815301076,1909f56bfc062723c751e8b465ee728b)  -> (artifact id: 'e2bf40e1043b8b6457f49ffbbe020d90') in 0.008763 seconds 
========================================================================
Received Import Request.
  Time since last request: 0.000205 seconds.
  path: Assets/Map/Pallets/TX Props_19.asset
  artifactKey: Guid(f242da2180a972242887e353d7d7d8ce) Importer(815301076,1909f56bfc062723c751e8b465ee728b)
Start importing Assets/Map/Pallets/TX Props_19.asset using Guid(f242da2180a972242887e353d7d7d8ce) Importer(815301076,1909f56bfc062723c751e8b465ee728b)  -> (artifact id: '61b5af0231f3da7ef32af2f13ed662f3') in 0.006376 seconds 
========================================================================
Received Import Request.
  Time since last request: 0.000147 seconds.
  path: Assets/Map/Pallets/New Palette.prefab
  artifactKey: Guid(3d87e4a1cdb68a04e92cd8bc9c23f0e8) Importer(815301076,1909f56bfc062723c751e8b465ee728b)
Start importing Assets/Map/Pallets/New Palette.prefab using Guid(3d87e4a1cdb68a04e92cd8bc9c23f0e8) Importer(815301076,1909f56bfc062723c751e8b465ee728b)  -> (artifact id: '4fd93ca14ad851043cea8acd730f3f67') in 0.032616 seconds 
========================================================================
Received Import Request.
  Time since last request: 0.000147 seconds.
  path: Assets/Map/Pallets/TX Props_52.asset
  artifactKey: Guid(5e3fb229d3c5e85449ecb4ee48691e01) Importer(815301076,1909f56bfc062723c751e8b465ee728b)
Start importing Assets/Map/Pallets/TX Props_52.asset using Guid(5e3fb229d3c5e85449ecb4ee48691e01) Importer(815301076,1909f56bfc062723c751e8b465ee728b)  -> (artifact id: '2ec4af6495b5b7d2fe6842eaa2cb8922') in 0.006502 seconds 
========================================================================
Received Import Request.
  Time since last request: 0.000246 seconds.
  path: Assets/Map/Pallets/TX Props_41.asset
  artifactKey: Guid(85357da0ad6b0014f9a27c03ed5872da) Importer(815301076,1909f56bfc062723c751e8b465ee728b)
Start importing Assets/Map/Pallets/TX Props_41.asset using Guid(85357da0ad6b0014f9a27c03ed5872da) Importer(815301076,1909f56bfc062723c751e8b465ee728b)  -> (artifact id: '13c47dd5f06188164e98b622e890806c') in 0.006486 seconds 
========================================================================
Received Import Request.
  Time since last request: 0.000140 seconds.
  path: Assets/Map/Pallets/TX Props_13.asset
  artifactKey: Guid(c02c2310ccd848f46826c6f8fd791928) Importer(815301076,1909f56bfc062723c751e8b465ee728b)
Start importing Assets/Map/Pallets/TX Props_13.asset using Guid(c02c2310ccd848f46826c6f8fd791928) Importer(815301076,1909f56bfc062723c751e8b465ee728b)  -> (artifact id: 'fe60c66e5199aacd57cc71464911d68e') in 0.006568 seconds 
========================================================================
Received Import Request.
  Time since last request: 0.000179 seconds.
  path: Assets/Map/Pallets/TX Props_35.asset
  artifactKey: Guid(585fa523c0983e240b9798e5e32e9414) Importer(815301076,1909f56bfc062723c751e8b465ee728b)
Start importing Assets/Map/Pallets/TX Props_35.asset using Guid(585fa523c0983e240b9798e5e32e9414) Importer(815301076,1909f56bfc062723c751e8b465ee728b)  -> (artifact id: 'f11db1b39895fdbdfd6007cb80777024') in 0.006213 seconds 
========================================================================
Received Import Request.
  Time since last request: 0.000178 seconds.
  path: Assets/Map/Pallets/TX Props_2.asset
  artifactKey: Guid(73042700123b788409aad8feb1d6e4ed) Importer(815301076,1909f56bfc062723c751e8b465ee728b)
Start importing Assets/Map/Pallets/TX Props_2.asset using Guid(73042700123b788409aad8feb1d6e4ed) Importer(815301076,1909f56bfc062723c751e8b465ee728b)  -> (artifact id: '58f32cb309e0721d5fe94f74574c8db7') in 0.003648 seconds 
========================================================================
Received Import Request.
  Time since last request: 0.000197 seconds.
  path: Assets/Map/Pallets/TX Props_20.asset
  artifactKey: Guid(fe9a646b71b0d3d44b0274d8a10db6e5) Importer(815301076,1909f56bfc062723c751e8b465ee728b)
Start importing Assets/Map/Pallets/TX Props_20.asset using Guid(fe9a646b71b0d3d44b0274d8a10db6e5) Importer(815301076,1909f56bfc062723c751e8b465ee728b)  -> (artifact id: '1defaae07ad174de445cf342ff14250b') in 0.006259 seconds 
========================================================================
Received Import Request.
  Time since last request: 0.000267 seconds.
  path: Assets/Map/Pallets/TX Props_27.asset
  artifactKey: Guid(a5232bd485e4392489d7f6351ced72a3) Importer(815301076,1909f56bfc062723c751e8b465ee728b)
Start importing Assets/Map/Pallets/TX Props_27.asset using Guid(a5232bd485e4392489d7f6351ced72a3) Importer(815301076,1909f56bfc062723c751e8b465ee728b)  -> (artifact id: '1341c6c1996e7ce84de57ed28fd5e9b2') in 0.006601 seconds 
========================================================================
Received Import Request.
  Time since last request: 0.000132 seconds.
  path: Assets/Map/Pallets/TX Props_30.asset
  artifactKey: Guid(fffc816a6bc7b5b40b896b5e25961914) Importer(815301076,1909f56bfc062723c751e8b465ee728b)
Start importing Assets/Map/Pallets/TX Props_30.asset using Guid(fffc816a6bc7b5b40b896b5e25961914) Importer(815301076,1909f56bfc062723c751e8b465ee728b)  -> (artifact id: '6902876a21538d9163835e2d0e0e3ebc') in 0.013171 seconds 
========================================================================
Received Import Request.
  Time since last request: 0.000156 seconds.
  path: Assets/Map/Pallets/TX Props_0.asset
  artifactKey: Guid(f4a9e0fe0d896ae4db68e7ab09e0ac28) Importer(815301076,1909f56bfc062723c751e8b465ee728b)
Start importing Assets/Map/Pallets/TX Props_0.asset using Guid(f4a9e0fe0d896ae4db68e7ab09e0ac28) Importer(815301076,1909f56bfc062723c751e8b465ee728b)  -> (artifact id: '528a55ebe61310018ad7c7d1e277ac87') in 0.004115 seconds 
========================================================================
Received Import Request.
  Time since last request: 0.000133 seconds.
  path: Assets/Map/Pallets/TX Props_21.asset
  artifactKey: Guid(75bca6434516a66489cce451b2b50931) Importer(815301076,1909f56bfc062723c751e8b465ee728b)
Start importing Assets/Map/Pallets/TX Props_21.asset using Guid(75bca6434516a66489cce451b2b50931) Importer(815301076,1909f56bfc062723c751e8b465ee728b)  -> (artifact id: '551c0f29b2b6623bc49ba6f01726bea2') in 0.006881 seconds 
========================================================================
Received Import Request.
  Time since last request: 0.000202 seconds.
  path: Assets/Map/Pallets/TX Props_23.asset
  artifactKey: Guid(be11f7d153cf87e43a251dbc9faba338) Importer(815301076,1909f56bfc062723c751e8b465ee728b)
Start importing Assets/Map/Pallets/TX Props_23.asset using Guid(be11f7d153cf87e43a251dbc9faba338) Importer(815301076,1909f56bfc062723c751e8b465ee728b)  -> (artifact id: '3285e5ff9b2b9046553c46ff234e631b') in 0.006588 seconds 
========================================================================
Received Import Request.
  Time since last request: 0.000146 seconds.
  path: Assets/Map/Pallets/TX Props_10.asset
  artifactKey: Guid(bfb4491387eca7c4f975549e85e8307f) Importer(815301076,1909f56bfc062723c751e8b465ee728b)
Start importing Assets/Map/Pallets/TX Props_10.asset using Guid(bfb4491387eca7c4f975549e85e8307f) Importer(815301076,1909f56bfc062723c751e8b465ee728b)  -> (artifact id: '048350e5dbb4b21c7ae2be3a7127c311') in 0.006478 seconds 
========================================================================
Received Import Request.
  Time since last request: 0.000241 seconds.
  path: Assets/Map/Pallets/TX Props_9.asset
  artifactKey: Guid(012e174dd85900d40bfcff36591a67b4) Importer(815301076,1909f56bfc062723c751e8b465ee728b)
Start importing Assets/Map/Pallets/TX Props_9.asset using Guid(012e174dd85900d40bfcff36591a67b4) Importer(815301076,1909f56bfc062723c751e8b465ee728b)  -> (artifact id: '8beb876727e6126a8d5c3022d216cb09') in 0.003864 seconds 
========================================================================
Received Import Request.
  Time since last request: 0.000144 seconds.
  path: Assets/Map/Pallets/TX Props_50.asset
  artifactKey: Guid(a09a0afa55be5444192e51fa4bc829e8) Importer(815301076,1909f56bfc062723c751e8b465ee728b)
Start importing Assets/Map/Pallets/TX Props_50.asset using Guid(a09a0afa55be5444192e51fa4bc829e8) Importer(815301076,1909f56bfc062723c751e8b465ee728b)  -> (artifact id: '1a4853f7f8619cffe83ed0d4574be6f6') in 0.008045 seconds 
========================================================================
Received Import Request.
  Time since last request: 0.000193 seconds.
  path: Assets/Map/Pallets/TX Props_53.asset
  artifactKey: Guid(bf0e41aabb978be47bd73023cf0d9217) Importer(815301076,1909f56bfc062723c751e8b465ee728b)
Start importing Assets/Map/Pallets/TX Props_53.asset using Guid(bf0e41aabb978be47bd73023cf0d9217) Importer(815301076,1909f56bfc062723c751e8b465ee728b)  -> (artifact id: '2b61575552d2a1ffdd9895c0dae63ee9') in 0.006507 seconds 
========================================================================
Received Import Request.
  Time since last request: 0.000161 seconds.
  path: Assets/Map/Pallets/TX Props_33.asset
  artifactKey: Guid(feafe5433ec45994d856d8df386b370f) Importer(815301076,1909f56bfc062723c751e8b465ee728b)
Start importing Assets/Map/Pallets/TX Props_33.asset using Guid(feafe5433ec45994d856d8df386b370f) Importer(815301076,1909f56bfc062723c751e8b465ee728b)  -> (artifact id: '120260daebb997f536eae09b838ca3b8') in 0.006318 seconds 
========================================================================
Received Import Request.
  Time since last request: 0.000120 seconds.
  path: Assets/Map/Pallets/TX Props_31.asset
  artifactKey: Guid(0bab5698ce876dc488464fe03097c1d9) Importer(815301076,1909f56bfc062723c751e8b465ee728b)
Start importing Assets/Map/Pallets/TX Props_31.asset using Guid(0bab5698ce876dc488464fe03097c1d9) Importer(815301076,1909f56bfc062723c751e8b465ee728b)  -> (artifact id: '250e53d69138f582d57b86b0384902fd') in 0.006571 seconds 
========================================================================
Received Import Request.
  Time since last request: 0.000107 seconds.
  path: Assets/Map/Pallets/TX Props_40.asset
  artifactKey: Guid(782b4d688ded7b149a481cd2c5f61dca) Importer(815301076,1909f56bfc062723c751e8b465ee728b)
Start importing Assets/Map/Pallets/TX Props_40.asset using Guid(782b4d688ded7b149a481cd2c5f61dca) Importer(815301076,1909f56bfc062723c751e8b465ee728b)  -> (artifact id: 'cd1b6f5ee80331eb59d261e791db09af') in 0.007130 seconds 
========================================================================
Received Import Request.
  Time since last request: 0.000141 seconds.
  path: Assets/Map/Pallets/TX Props_48.asset
  artifactKey: Guid(fcc70b13b88813549bf22923108ec0b9) Importer(815301076,1909f56bfc062723c751e8b465ee728b)
Start importing Assets/Map/Pallets/TX Props_48.asset using Guid(fcc70b13b88813549bf22923108ec0b9) Importer(815301076,1909f56bfc062723c751e8b465ee728b)  -> (artifact id: '46b4f42acf390364ec3d9226cf1bb236') in 0.006684 seconds 
========================================================================
Received Import Request.
  Time since last request: 0.000155 seconds.
  path: Assets/Map/Pallets/TX Props_42.asset
  artifactKey: Guid(f921fcc00a4a2e4439e5a8030a4d629e) Importer(815301076,1909f56bfc062723c751e8b465ee728b)
Start importing Assets/Map/Pallets/TX Props_42.asset using Guid(f921fcc00a4a2e4439e5a8030a4d629e) Importer(815301076,1909f56bfc062723c751e8b465ee728b)  -> (artifact id: '32dfeddd4fa2297e6f44cc27e5385355') in 0.006371 seconds 
========================================================================
Received Import Request.
  Time since last request: 0.000193 seconds.
  path: Assets/Map/Pallets/TX Props_28.asset
  artifactKey: Guid(bf89722f8d6bf924a9fbe9d123a8adde) Importer(815301076,1909f56bfc062723c751e8b465ee728b)
Start importing Assets/Map/Pallets/TX Props_28.asset using Guid(bf89722f8d6bf924a9fbe9d123a8adde) Importer(815301076,1909f56bfc062723c751e8b465ee728b)  -> (artifact id: 'ad03855b291bfe792e17280f422f7e83') in 0.007171 seconds 
========================================================================
Received Import Request.
  Time since last request: 0.000160 seconds.
  path: Assets/Map/Pallets/TX Props_16.asset
  artifactKey: Guid(cd1b5f18fa09f55468ba8cb589aa1721) Importer(815301076,1909f56bfc062723c751e8b465ee728b)
Start importing Assets/Map/Pallets/TX Props_16.asset using Guid(cd1b5f18fa09f55468ba8cb589aa1721) Importer(815301076,1909f56bfc062723c751e8b465ee728b)  -> (artifact id: '807a50f8de34402ee23a456e6cb26b0d') in 0.006937 seconds 
========================================================================
Received Import Request.
  Time since last request: 0.000138 seconds.
  path: Assets/Map/Pallets/TX Props_47.asset
  artifactKey: Guid(8af372f843ce7414d8b91b7a13255bb5) Importer(815301076,1909f56bfc062723c751e8b465ee728b)
Start importing Assets/Map/Pallets/TX Props_47.asset using Guid(8af372f843ce7414d8b91b7a13255bb5) Importer(815301076,1909f56bfc062723c751e8b465ee728b)  -> (artifact id: 'cc488ecce513df885083a7a18b325af7') in 0.006758 seconds 
========================================================================
Received Import Request.
  Time since last request: 0.000131 seconds.
  path: Assets/Map/Pallets/TX Props_6.asset
  artifactKey: Guid(3eb447cd801d053459683f34236de081) Importer(815301076,1909f56bfc062723c751e8b465ee728b)
Start importing Assets/Map/Pallets/TX Props_6.asset using Guid(3eb447cd801d053459683f34236de081) Importer(815301076,1909f56bfc062723c751e8b465ee728b)  -> (artifact id: 'abedfb60958befcf818cce3036655c8a') in 0.003191 seconds 
========================================================================
Received Import Request.
  Time since last request: 0.000176 seconds.
  path: Assets/Map/Pallets/TX Props_22.asset
  artifactKey: Guid(8465b55c04ecba941a0bffc51ae08e9d) Importer(815301076,1909f56bfc062723c751e8b465ee728b)
Start importing Assets/Map/Pallets/TX Props_22.asset using Guid(8465b55c04ecba941a0bffc51ae08e9d) Importer(815301076,1909f56bfc062723c751e8b465ee728b)  -> (artifact id: 'e42b6cd5a0d694ae71533ef5e8c37398') in 0.006398 seconds 
========================================================================
Received Import Request.
  Time since last request: 0.000150 seconds.
  path: Assets/Map/Pallets/TX Props_12.asset
  artifactKey: Guid(1ef9938dcd34bc14f8c648f9bd7fa273) Importer(815301076,1909f56bfc062723c751e8b465ee728b)
Start importing Assets/Map/Pallets/TX Props_12.asset using Guid(1ef9938dcd34bc14f8c648f9bd7fa273) Importer(815301076,1909f56bfc062723c751e8b465ee728b)  -> (artifact id: 'b720ec9a6563cdbb4f324b3a45832b4c') in 0.006639 seconds 
========================================================================
Received Import Request.
  Time since last request: 0.000125 seconds.
  path: Assets/Map/Pallets/TX Props_32.asset
  artifactKey: Guid(dd5435df08aec454c82ae04051e3b240) Importer(815301076,1909f56bfc062723c751e8b465ee728b)
Start importing Assets/Map/Pallets/TX Props_32.asset using Guid(dd5435df08aec454c82ae04051e3b240) Importer(815301076,1909f56bfc062723c751e8b465ee728b)  -> (artifact id: '75615b25f0a242f717f37fbf358d0f8a') in 0.006393 seconds 
========================================================================
Received Import Request.
  Time since last request: 0.000141 seconds.
  path: Assets/Map/Pallets/TX Props_54.asset
  artifactKey: Guid(f8ff69b0364de634abe5fd990d604a68) Importer(815301076,1909f56bfc062723c751e8b465ee728b)
Start importing Assets/Map/Pallets/TX Props_54.asset using Guid(f8ff69b0364de634abe5fd990d604a68) Importer(815301076,1909f56bfc062723c751e8b465ee728b)  -> (artifact id: '1898e5180f189e3dccc2f65c6dc722fb') in 0.006344 seconds 
========================================================================
Received Import Request.
  Time since last request: 0.000175 seconds.
  path: Assets/Map/Pallets/TX Props_43.asset
  artifactKey: Guid(dfce54dac7412b940a4bf8f7eae2ec15) Importer(815301076,1909f56bfc062723c751e8b465ee728b)
Start importing Assets/Map/Pallets/TX Props_43.asset using Guid(dfce54dac7412b940a4bf8f7eae2ec15) Importer(815301076,1909f56bfc062723c751e8b465ee728b)  -> (artifact id: '248be523cd90c68288174c70618701da') in 0.006200 seconds 
========================================================================
Received Import Request.
  Time since last request: 0.000175 seconds.
  path: Assets/Map/Pallets/TX Props_45.asset
  artifactKey: Guid(376493157a82d844db551c039e6a2697) Importer(815301076,1909f56bfc062723c751e8b465ee728b)
Start importing Assets/Map/Pallets/TX Props_45.asset using Guid(376493157a82d844db551c039e6a2697) Importer(815301076,1909f56bfc062723c751e8b465ee728b)  -> (artifact id: '9a4ada61ba9d6963cee028c7ee746443') in 0.006244 seconds 
========================================================================
Received Import Request.
  Time since last request: 0.000152 seconds.
  path: Assets/Map/Pallets/TX Props_1.asset
  artifactKey: Guid(931dc7ff8ea24be4e805a1d0cbd5ca8e) Importer(815301076,1909f56bfc062723c751e8b465ee728b)
Start importing Assets/Map/Pallets/TX Props_1.asset using Guid(931dc7ff8ea24be4e805a1d0cbd5ca8e) Importer(815301076,1909f56bfc062723c751e8b465ee728b)  -> (artifact id: '939b72820ba0777b23aa86e7b2707276') in 0.003170 seconds 
========================================================================
Received Import Request.
  Time since last request: 0.000126 seconds.
  path: Assets/Map/Pallets/TX Props_34.asset
  artifactKey: Guid(277b5589b12810449942810c83db973f) Importer(815301076,1909f56bfc062723c751e8b465ee728b)
Start importing Assets/Map/Pallets/TX Props_34.asset using Guid(277b5589b12810449942810c83db973f) Importer(815301076,1909f56bfc062723c751e8b465ee728b)  -> (artifact id: '2c70e34a123de686488e3ee8342951be') in 0.006193 seconds 
========================================================================
Received Import Request.
  Time since last request: 0.000145 seconds.
  path: Assets/Map/Pallets/TX Props_24.asset
  artifactKey: Guid(824f68f73033d58468efcc9e95be131e) Importer(815301076,1909f56bfc062723c751e8b465ee728b)
Start importing Assets/Map/Pallets/TX Props_24.asset using Guid(824f68f73033d58468efcc9e95be131e) Importer(815301076,1909f56bfc062723c751e8b465ee728b)  -> (artifact id: '7bd7d67accafe5189651c5245abca844') in 0.005993 seconds 
========================================================================
Received Import Request.
  Time since last request: 0.000121 seconds.
  path: Assets/Map/Pallets/TX Props_29.asset
  artifactKey: Guid(2754e9cb9f8bb1b4fb3232ebdd19eb88) Importer(815301076,1909f56bfc062723c751e8b465ee728b)
Start importing Assets/Map/Pallets/TX Props_29.asset using Guid(2754e9cb9f8bb1b4fb3232ebdd19eb88) Importer(815301076,1909f56bfc062723c751e8b465ee728b)  -> (artifact id: 'fc00e4811d2be251b4a761c1dcfeffa1') in 0.006135 seconds 
========================================================================
Received Import Request.
  Time since last request: 0.000130 seconds.
  path: Assets/Map/Pallets/TX Props_36.asset
  artifactKey: Guid(85c24872b982d984b97b73c3f975efff) Importer(815301076,1909f56bfc062723c751e8b465ee728b)
Start importing Assets/Map/Pallets/TX Props_36.asset using Guid(85c24872b982d984b97b73c3f975efff) Importer(815301076,1909f56bfc062723c751e8b465ee728b)  -> (artifact id: '3ed8825ad312988a91ab9d60978a7077') in 0.006179 seconds 
========================================================================
Received Import Request.
  Time since last request: 0.000208 seconds.
  path: Assets/Map/Pallets/TX Props_44.asset
  artifactKey: Guid(aa722db307c065749ab73b7bb9fae516) Importer(815301076,1909f56bfc062723c751e8b465ee728b)
Start importing Assets/Map/Pallets/TX Props_44.asset using Guid(aa722db307c065749ab73b7bb9fae516) Importer(815301076,1909f56bfc062723c751e8b465ee728b)  -> (artifact id: 'd9a1168f7d18c062e39c3bb4a63d7638') in 0.006847 seconds 
========================================================================
Received Import Request.
  Time since last request: 0.000181 seconds.
  path: Assets/Map/Pallets/TX Props_17.asset
  artifactKey: Guid(5abb1e79255ec944c9b89dedfdf6c909) Importer(815301076,1909f56bfc062723c751e8b465ee728b)
Start importing Assets/Map/Pallets/TX Props_17.asset using Guid(5abb1e79255ec944c9b89dedfdf6c909) Importer(815301076,1909f56bfc062723c751e8b465ee728b)  -> (artifact id: '95e077bd3a783759e44f19c23e3a9d50') in 0.006068 seconds 
========================================================================
Received Import Request.
  Time since last request: 0.000177 seconds.
  path: Assets/Map/Pallets/TX Props_18.asset
  artifactKey: Guid(cf551b048d7573340b49afa4b73a7e17) Importer(815301076,1909f56bfc062723c751e8b465ee728b)
Start importing Assets/Map/Pallets/TX Props_18.asset using Guid(cf551b048d7573340b49afa4b73a7e17) Importer(815301076,1909f56bfc062723c751e8b465ee728b)  -> (artifact id: 'e7db969194c3ea03f5e3a31c5a07a4a3') in 0.006271 seconds 
========================================================================
Received Import Request.
  Time since last request: 0.000234 seconds.
  path: Assets/Map/Pallets/TX Props_3.asset
  artifactKey: Guid(a4fd73a8d8a734c41b3ab903362a4ad9) Importer(815301076,1909f56bfc062723c751e8b465ee728b)
Start importing Assets/Map/Pallets/TX Props_3.asset using Guid(a4fd73a8d8a734c41b3ab903362a4ad9) Importer(815301076,1909f56bfc062723c751e8b465ee728b)  -> (artifact id: '357b0f0290b660d5ed1abb1ac6964880') in 0.003554 seconds 
========================================================================
Received Import Request.
  Time since last request: 0.000222 seconds.
  path: Assets/Map/Pallets/TX Props_46.asset
  artifactKey: Guid(c31d2c5fed379a94fb909bdf24c7067e) Importer(815301076,1909f56bfc062723c751e8b465ee728b)
Start importing Assets/Map/Pallets/TX Props_46.asset using Guid(c31d2c5fed379a94fb909bdf24c7067e) Importer(815301076,1909f56bfc062723c751e8b465ee728b)  -> (artifact id: '8e30e69f01f5ec6bb1b3262d2af1b397') in 0.007829 seconds 
========================================================================
Received Import Request.
  Time since last request: 0.000202 seconds.
  path: Assets/Map/Pallets/TX Props_39.asset
  artifactKey: Guid(3b1fe9ead8ad0d4469629acb4370c3a9) Importer(815301076,1909f56bfc062723c751e8b465ee728b)
Start importing Assets/Map/Pallets/TX Props_39.asset using Guid(3b1fe9ead8ad0d4469629acb4370c3a9) Importer(815301076,1909f56bfc062723c751e8b465ee728b)  -> (artifact id: '909000ef4576d5604c9d62d8331e77c1') in 0.006308 seconds 
========================================================================
Received Import Request.
  Time since last request: 0.000193 seconds.
  path: Assets/Map/Pallets/TX Props_49.asset
  artifactKey: Guid(a3c66e09f0d44914ab67a9f833933e93) Importer(815301076,1909f56bfc062723c751e8b465ee728b)
Start importing Assets/Map/Pallets/TX Props_49.asset using Guid(a3c66e09f0d44914ab67a9f833933e93) Importer(815301076,1909f56bfc062723c751e8b465ee728b)  -> (artifact id: 'e882c830a540ff210ad3ece96b0dba81') in 0.006168 seconds 
========================================================================
Received Import Request.
  Time since last request: 0.000213 seconds.
  path: Assets/Map/Pallets/TX Props_14.asset
  artifactKey: Guid(921286db100728f428c51d5bcbfb635d) Importer(815301076,1909f56bfc062723c751e8b465ee728b)
Start importing Assets/Map/Pallets/TX Props_14.asset using Guid(921286db100728f428c51d5bcbfb635d) Importer(815301076,1909f56bfc062723c751e8b465ee728b)  -> (artifact id: '3374de1070023efad5b7f24831c764d9') in 0.006247 seconds 
========================================================================
Received Import Request.
  Time since last request: 0.000250 seconds.
  path: Assets/Map/Pallets/TX Props_5.asset
  artifactKey: Guid(303e5a68740f64a43b01b957a50f43ed) Importer(815301076,1909f56bfc062723c751e8b465ee728b)
Start importing Assets/Map/Pallets/TX Props_5.asset using Guid(303e5a68740f64a43b01b957a50f43ed) Importer(815301076,1909f56bfc062723c751e8b465ee728b)  -> (artifact id: '034d8d1276dd2de1ff7422cc5a8ac477') in 0.003434 seconds 
========================================================================
Received Import Request.
  Time since last request: 0.000123 seconds.
  path: Assets/Map/Pallets/TX Props_8.asset
  artifactKey: Guid(889ea2574bcdb2840ac1e5ebf59fcecf) Importer(815301076,1909f56bfc062723c751e8b465ee728b)
Start importing Assets/Map/Pallets/TX Props_8.asset using Guid(889ea2574bcdb2840ac1e5ebf59fcecf) Importer(815301076,1909f56bfc062723c751e8b465ee728b)  -> (artifact id: 'baa361a0f17499388e987c6ad79ac034') in 0.003230 seconds 
========================================================================
Received Import Request.
  Time since last request: 0.000273 seconds.
  path: Assets/Map/Pallets/TX Props_37.asset
  artifactKey: Guid(deaf7d5945a4c4b4ba15e4ea31d37cdc) Importer(815301076,1909f56bfc062723c751e8b465ee728b)
Start importing Assets/Map/Pallets/TX Props_37.asset using Guid(deaf7d5945a4c4b4ba15e4ea31d37cdc) Importer(815301076,1909f56bfc062723c751e8b465ee728b)  -> (artifact id: '5a58010d9a5d4380182c6be9b2507644') in 0.006402 seconds 
========================================================================
Received Import Request.
  Time since last request: 0.000210 seconds.
  path: Assets/Map/Pallets/TX Props_38.asset
  artifactKey: Guid(9e8014181e0eebb4bad64098b67fcfdf) Importer(815301076,1909f56bfc062723c751e8b465ee728b)
Start importing Assets/Map/Pallets/TX Props_38.asset using Guid(9e8014181e0eebb4bad64098b67fcfdf) Importer(815301076,1909f56bfc062723c751e8b465ee728b)  -> (artifact id: '1fed1fc8f02d4461f6249fbd868d5715') in 0.006182 seconds 
========================================================================
Received Import Request.
  Time since last request: 0.000263 seconds.
  path: Assets/Map/Pallets/TX Props_11.asset
  artifactKey: Guid(569b4050921f67e4eaf18aa5929021d1) Importer(815301076,1909f56bfc062723c751e8b465ee728b)
Start importing Assets/Map/Pallets/TX Props_11.asset using Guid(569b4050921f67e4eaf18aa5929021d1) Importer(815301076,1909f56bfc062723c751e8b465ee728b)  -> (artifact id: '9af4b67aa2dea67ebd5625f0cc679330') in 0.003636 seconds 
========================================================================
Received Import Request.
  Time since last request: 0.000199 seconds.
  path: Assets/Map/Pallets/TX Props_4.asset
  artifactKey: Guid(f517fc1809772f54991b96f99fad5932) Importer(815301076,1909f56bfc062723c751e8b465ee728b)
Start importing Assets/Map/Pallets/TX Props_4.asset using Guid(f517fc1809772f54991b96f99fad5932) Importer(815301076,1909f56bfc062723c751e8b465ee728b)  -> (artifact id: 'e06f79702c96b5ffe5c3a901b94e04fa') in 0.003238 seconds 
========================================================================
Received Import Request.
  Time since last request: 0.000207 seconds.
  path: Assets/Map/Pallets/TX Props_15.asset
  artifactKey: Guid(3d85e3c01350dbc438c9197461587fba) Importer(815301076,1909f56bfc062723c751e8b465ee728b)
Start importing Assets/Map/Pallets/TX Props_15.asset using Guid(3d85e3c01350dbc438c9197461587fba) Importer(815301076,1909f56bfc062723c751e8b465ee728b)  -> (artifact id: '02e42c9eca47225970560c262b1ea7de') in 0.006420 seconds 
========================================================================
Received Prepare
Refreshing native plugins compatible for Editor in 3.11 ms, found 3 plugins.
Preloading 0 native plugins for Editor in 0.00 ms.
Unloading 18 Unused Serialized files (Serialized files now loaded: 0)
System memory in use before: 59.3 MB.
System memory in use after: 59.4 MB.

Unloading 18 unused Assets to reduce memory usage. Loaded Objects now: 2799.
Total: 2.931000 ms (FindLiveObjects: 0.147800 ms CreateObjectMapping: 0.091200 ms MarkObjects: 2.597800 ms  DeleteObjects: 0.093500 ms)

AssetImportParameters requested are different than current active one (requested -> active):
  custom:framework-win-MediaFoundation: 216162199b28c13a410421893ffa2e32 -> 
  custom:video-decoder-ogg-theora: a1e56fd34408186e4bbccfd4996cb3dc -> 
  custom:container-muxer-webm: aa71ff27fc2769a1b78a27578f13a17b -> 
  custom:container-demuxer-webm: 4f35f7cbe854078d1ac9338744f61a02 -> 
  custom:container-demuxer-ogg: 62fdf1f143b41e24485cea50d1cbac27 -> 
  custom:video-encoder-webm-vp8: eb34c28f22e8b96e1ab97ce403110664 -> 
  custom:video-decoder-webm-vp8: 9c59270c3fd7afecdb556c50c9e8de78 -> 
  custom:audio-decoder-ogg-vorbis: bf7c407c2cedff20999df2af8eb42d56 -> 
  custom:audio-encoder-webm-vorbis: bf7c407c2cedff20999df2af8eb42d56 -> 
AssetImportWorkerClient::OnTransportError - code=2 error=End of file
